Using device cuda:0 (NVIDIA H100 80GB HBM3)
=================================================================
==================== PARAMETER CONFIGURATION ====================
=================================================================
model=LeNet5_Original (rotated)
criterion=CrossEntropy
C=64
lr=0.001
lambda_reg=0.0002
alpha=0.6
[T1=lambda_reg*alpha=0.00012]
[T2=lambda_reg*(1-alpha)=8e-05]
subgradient_step=100000.0
w0=-0.031
r=2
bucket_zero=32
BestQuantization_target_acc=99.8
final_target_acc=99.7
target_zstd_ratio=0.0179
min_xi=0
max_xi=1
upper_c=1663370
lower_c=0.01
c1=10
c2=1000
first_best_indices=20
accuracy_tollerance=0.2
zeta=50000
l=0.5
n_epochs=100
max_iterations=15
train_optimizer=ADAM
entropy_optimizer=FISTA
pruning=Y
QuantizationType=center
sparsity_threshold=0.001
------------------------------------------------------------
Batch 0 of epoch 1
Batch 100 of epoch 1
Batch 200 of epoch 1
Batch 300 of epoch 1
Batch 400 of epoch 1
Batch 500 of epoch 1
Batch 600 of epoch 1
Batch 700 of epoch 1
Batch 800 of epoch 1
Batch 900 of epoch 1
Epoch 1: A_NQ = 96.5, H_NQ = 981828, A_Q = 95.22, H_Q = 54299, zstd_ratio = 3.26%, sparse_ratio = 2.59%, sparsity = 87.30% , sparse_accuracy = 95.2, training_time = 65s

Batch 0 of epoch 2
Batch 100 of epoch 2
Batch 200 of epoch 2
Batch 300 of epoch 2
Batch 400 of epoch 2
Batch 500 of epoch 2
Batch 600 of epoch 2
Batch 700 of epoch 2
Batch 800 of epoch 2
Batch 900 of epoch 2
Epoch 2: A_NQ = 96.47, H_NQ = 981868, A_Q = 97.09, H_Q = 46835, zstd_ratio = 2.97%, sparse_ratio = 2.31%, sparsity = 90.00% , sparse_accuracy = 97.08, training_time = 63s

Batch 0 of epoch 3
Batch 100 of epoch 3
Batch 200 of epoch 3
Batch 300 of epoch 3
Batch 400 of epoch 3
Batch 500 of epoch 3
Batch 600 of epoch 3
Batch 700 of epoch 3
Batch 800 of epoch 3
Batch 900 of epoch 3
Epoch 3: A_NQ = 97.38, H_NQ = 981832, A_Q = 97.23, H_Q = 43550, zstd_ratio = 2.87%, sparse_ratio = 2.19%, sparsity = 91.08% , sparse_accuracy = 97.22, training_time = 64s

Batch 0 of epoch 4
Batch 100 of epoch 4
Batch 200 of epoch 4
Batch 300 of epoch 4
Batch 400 of epoch 4
Batch 500 of epoch 4
Batch 600 of epoch 4
Batch 700 of epoch 4
Batch 800 of epoch 4
Batch 900 of epoch 4
Epoch 4: A_NQ = 97.59, H_NQ = 981882, A_Q = 97.72, H_Q = 40009, zstd_ratio = 2.69%, sparse_ratio = 2.05%, sparsity = 92.16% , sparse_accuracy = 97.72, training_time = 64s

Batch 0 of epoch 5
Batch 100 of epoch 5
Batch 200 of epoch 5
Batch 300 of epoch 5
Batch 400 of epoch 5
Batch 500 of epoch 5
Batch 600 of epoch 5
Batch 700 of epoch 5
Batch 800 of epoch 5
Batch 900 of epoch 5
Epoch 5: A_NQ = 97.79, H_NQ = 981874, A_Q = 97.67, H_Q = 38002, zstd_ratio = 2.56%, sparse_ratio = 1.95%, sparsity = 92.72% , sparse_accuracy = 97.69, training_time = 65s

Batch 0 of epoch 6
Batch 100 of epoch 6
Batch 200 of epoch 6
Batch 300 of epoch 6
Batch 400 of epoch 6
Batch 500 of epoch 6
Batch 600 of epoch 6
Batch 700 of epoch 6
Batch 800 of epoch 6
Batch 900 of epoch 6
Epoch 6: A_NQ = 98.05, H_NQ = 981834, A_Q = 98.12, H_Q = 35823, zstd_ratio = 2.48%, sparse_ratio = 1.85%, sparsity = 93.33% , sparse_accuracy = 98.12, training_time = 63s

Batch 0 of epoch 7
Batch 100 of epoch 7
Batch 200 of epoch 7
Batch 300 of epoch 7
Batch 400 of epoch 7
Batch 500 of epoch 7
Batch 600 of epoch 7
Batch 700 of epoch 7
Batch 800 of epoch 7
Batch 900 of epoch 7
Epoch 7: A_NQ = 98.24, H_NQ = 981900, A_Q = 98.35, H_Q = 34794, zstd_ratio = 2.40%, sparse_ratio = 1.80%, sparsity = 93.61% , sparse_accuracy = 98.34, training_time = 65s

Batch 0 of epoch 8
Batch 100 of epoch 8
Batch 200 of epoch 8
Batch 300 of epoch 8
Batch 400 of epoch 8
Batch 500 of epoch 8
Batch 600 of epoch 8
Batch 700 of epoch 8
Batch 800 of epoch 8
Batch 900 of epoch 8
Epoch 8: A_NQ = 97.73, H_NQ = 981828, A_Q = 98.01, H_Q = 33735, zstd_ratio = 2.33%, sparse_ratio = 1.73%, sparsity = 93.86% , sparse_accuracy = 98.01, training_time = 64s

Batch 0 of epoch 9
Batch 100 of epoch 9
Batch 200 of epoch 9
Batch 300 of epoch 9
Batch 400 of epoch 9
Batch 500 of epoch 9
Batch 600 of epoch 9
Batch 700 of epoch 9
Batch 800 of epoch 9
Batch 900 of epoch 9
Epoch 9: A_NQ = 98.29, H_NQ = 981896, A_Q = 98.19, H_Q = 32959, zstd_ratio = 2.29%, sparse_ratio = 1.71%, sparsity = 94.07% , sparse_accuracy = 98.2, training_time = 64s

Batch 0 of epoch 10
Batch 100 of epoch 10
Batch 200 of epoch 10
Batch 300 of epoch 10
Batch 400 of epoch 10
Batch 500 of epoch 10
Batch 600 of epoch 10
Batch 700 of epoch 10
Batch 800 of epoch 10
Batch 900 of epoch 10
Epoch 10: A_NQ = 98.09, H_NQ = 981856, A_Q = 98.01, H_Q = 31791, zstd_ratio = 2.21%, sparse_ratio = 1.65%, sparsity = 94.37% , sparse_accuracy = 98.0, training_time = 65s

Batch 0 of epoch 11
Batch 100 of epoch 11
Batch 200 of epoch 11
Batch 300 of epoch 11
Batch 400 of epoch 11
Batch 500 of epoch 11
Batch 600 of epoch 11
Batch 700 of epoch 11
Batch 800 of epoch 11
Batch 900 of epoch 11
Epoch 11: A_NQ = 98.09, H_NQ = 981898, A_Q = 98.05, H_Q = 31898, zstd_ratio = 2.23%, sparse_ratio = 1.67%, sparsity = 94.33% , sparse_accuracy = 98.04, training_time = 64s

Batch 0 of epoch 12
Batch 100 of epoch 12
Batch 200 of epoch 12
Batch 300 of epoch 12
Batch 400 of epoch 12
Batch 500 of epoch 12
Batch 600 of epoch 12
Batch 700 of epoch 12
Batch 800 of epoch 12
Batch 900 of epoch 12
Epoch 12: A_NQ = 98.29, H_NQ = 981900, A_Q = 98.19, H_Q = 31431, zstd_ratio = 2.20%, sparse_ratio = 1.63%, sparsity = 94.44% , sparse_accuracy = 98.21, training_time = 64s

Batch 0 of epoch 13
Batch 100 of epoch 13
Batch 200 of epoch 13
Batch 300 of epoch 13
Batch 400 of epoch 13
Batch 500 of epoch 13
Batch 600 of epoch 13
Batch 700 of epoch 13
Batch 800 of epoch 13
Batch 900 of epoch 13
Epoch 13: A_NQ = 98.41, H_NQ = 981816, A_Q = 98.48, H_Q = 30907, zstd_ratio = 2.19%, sparse_ratio = 1.62%, sparsity = 94.57% , sparse_accuracy = 98.47, training_time = 64s

Batch 0 of epoch 14
Batch 100 of epoch 14
Batch 200 of epoch 14
Batch 300 of epoch 14
Batch 400 of epoch 14
Batch 500 of epoch 14
Batch 600 of epoch 14
Batch 700 of epoch 14
Batch 800 of epoch 14
Batch 900 of epoch 14
Epoch 14: A_NQ = 97.97, H_NQ = 981892, A_Q = 98.21, H_Q = 29367, zstd_ratio = 2.12%, sparse_ratio = 1.57%, sparsity = 94.95% , sparse_accuracy = 98.22, training_time = 64s

Batch 0 of epoch 15
Batch 100 of epoch 15
Batch 200 of epoch 15
Batch 300 of epoch 15
Batch 400 of epoch 15
Batch 500 of epoch 15
Batch 600 of epoch 15
Batch 700 of epoch 15
Batch 800 of epoch 15
Batch 900 of epoch 15
Epoch 15: A_NQ = 98.27, H_NQ = 981871, A_Q = 98.47, H_Q = 28255, zstd_ratio = 2.07%, sparse_ratio = 1.52%, sparsity = 95.22% , sparse_accuracy = 98.46, training_time = 63s

Batch 0 of epoch 16
Batch 100 of epoch 16
Batch 200 of epoch 16
Batch 300 of epoch 16
Batch 400 of epoch 16
Batch 500 of epoch 16
Batch 600 of epoch 16
Batch 700 of epoch 16
Batch 800 of epoch 16
Batch 900 of epoch 16
Epoch 16: A_NQ = 98.38, H_NQ = 981872, A_Q = 98.51, H_Q = 28423, zstd_ratio = 2.06%, sparse_ratio = 1.53%, sparsity = 95.18% , sparse_accuracy = 98.51, training_time = 64s

Batch 0 of epoch 17
Batch 100 of epoch 17
Batch 200 of epoch 17
Batch 300 of epoch 17
Batch 400 of epoch 17
Batch 500 of epoch 17
Batch 600 of epoch 17
Batch 700 of epoch 17
Batch 800 of epoch 17
Batch 900 of epoch 17
Epoch 17: A_NQ = 97.89, H_NQ = 981900, A_Q = 98.24, H_Q = 28568, zstd_ratio = 2.06%, sparse_ratio = 1.54%, sparsity = 95.14% , sparse_accuracy = 98.25, training_time = 63s

Batch 0 of epoch 18
Batch 100 of epoch 18
Batch 200 of epoch 18
Batch 300 of epoch 18
Batch 400 of epoch 18
Batch 500 of epoch 18
Batch 600 of epoch 18
Batch 700 of epoch 18
Batch 800 of epoch 18
Batch 900 of epoch 18
Epoch 18: A_NQ = 98.27, H_NQ = 981854, A_Q = 98.44, H_Q = 27964, zstd_ratio = 2.03%, sparse_ratio = 1.51%, sparsity = 95.29% , sparse_accuracy = 98.43, training_time = 64s

Batch 0 of epoch 19
Batch 100 of epoch 19
Batch 200 of epoch 19
Batch 300 of epoch 19
Batch 400 of epoch 19
Batch 500 of epoch 19
Batch 600 of epoch 19
Batch 700 of epoch 19
Batch 800 of epoch 19
Batch 900 of epoch 19
Epoch 19: A_NQ = 98.3, H_NQ = 981878, A_Q = 98.39, H_Q = 27673, zstd_ratio = 2.03%, sparse_ratio = 1.49%, sparsity = 95.35% , sparse_accuracy = 98.41, training_time = 63s

Batch 0 of epoch 20
Batch 100 of epoch 20
Batch 200 of epoch 20
Batch 300 of epoch 20
Batch 400 of epoch 20
Batch 500 of epoch 20
Batch 600 of epoch 20
Batch 700 of epoch 20
Batch 800 of epoch 20
Batch 900 of epoch 20
Epoch 20: A_NQ = 98.36, H_NQ = 981848, A_Q = 98.5, H_Q = 27121, zstd_ratio = 2.00%, sparse_ratio = 1.47%, sparsity = 95.48% , sparse_accuracy = 98.49, training_time = 64s

Batch 0 of epoch 21
Batch 100 of epoch 21
Batch 200 of epoch 21
Batch 300 of epoch 21
Batch 400 of epoch 21
Batch 500 of epoch 21
Batch 600 of epoch 21
Batch 700 of epoch 21
Batch 800 of epoch 21
Batch 900 of epoch 21
Epoch 21: A_NQ = 98.38, H_NQ = 981862, A_Q = 98.39, H_Q = 28427, zstd_ratio = 2.06%, sparse_ratio = 1.53%, sparsity = 95.17% , sparse_accuracy = 98.39, training_time = 66s

Batch 0 of epoch 22
Batch 100 of epoch 22
Batch 200 of epoch 22
Batch 300 of epoch 22
Batch 400 of epoch 22
Batch 500 of epoch 22
Batch 600 of epoch 22
Batch 700 of epoch 22
Batch 800 of epoch 22
Batch 900 of epoch 22
Epoch 22: A_NQ = 98.62, H_NQ = 981872, A_Q = 98.71, H_Q = 27417, zstd_ratio = 2.02%, sparse_ratio = 1.49%, sparsity = 95.41% , sparse_accuracy = 98.71, training_time = 64s

Batch 0 of epoch 23
Batch 100 of epoch 23
Batch 200 of epoch 23
Batch 300 of epoch 23
Batch 400 of epoch 23
Batch 500 of epoch 23
Batch 600 of epoch 23
Batch 700 of epoch 23
Batch 800 of epoch 23
Batch 900 of epoch 23
Epoch 23: A_NQ = 98.62, H_NQ = 981874, A_Q = 98.5, H_Q = 26845, zstd_ratio = 1.98%, sparse_ratio = 1.46%, sparsity = 95.53% , sparse_accuracy = 98.48, training_time = 64s

Batch 0 of epoch 24
Batch 100 of epoch 24
Batch 200 of epoch 24
Batch 300 of epoch 24
Batch 400 of epoch 24
Batch 500 of epoch 24
Batch 600 of epoch 24
Batch 700 of epoch 24
Batch 800 of epoch 24
Batch 900 of epoch 24
Epoch 24: A_NQ = 98.29, H_NQ = 981862, A_Q = 98.47, H_Q = 27255, zstd_ratio = 1.97%, sparse_ratio = 1.47%, sparsity = 95.43% , sparse_accuracy = 98.45, training_time = 64s

Batch 0 of epoch 25
Batch 100 of epoch 25
Batch 200 of epoch 25
Batch 300 of epoch 25
Batch 400 of epoch 25
Batch 500 of epoch 25
Batch 600 of epoch 25
Batch 700 of epoch 25
Batch 800 of epoch 25
Batch 900 of epoch 25
Epoch 25: A_NQ = 94.05, H_NQ = 981692, A_Q = 98.47, H_Q = 27847, zstd_ratio = 2.00%, sparse_ratio = 1.49%, sparsity = 95.29% , sparse_accuracy = 98.45, training_time = 64s

Batch 0 of epoch 26
Batch 100 of epoch 26
Batch 200 of epoch 26
Batch 300 of epoch 26
Batch 400 of epoch 26
Batch 500 of epoch 26
Batch 600 of epoch 26
Batch 700 of epoch 26
Batch 800 of epoch 26
Batch 900 of epoch 26
Epoch 26: A_NQ = 98.3, H_NQ = 981820, A_Q = 98.18, H_Q = 26794, zstd_ratio = 1.96%, sparse_ratio = 1.45%, sparsity = 95.54% , sparse_accuracy = 98.18, training_time = 64s

Batch 0 of epoch 27
Batch 100 of epoch 27
Batch 200 of epoch 27
Batch 300 of epoch 27
Batch 400 of epoch 27
Batch 500 of epoch 27
Batch 600 of epoch 27
Batch 700 of epoch 27
Batch 800 of epoch 27
Batch 900 of epoch 27
Epoch 27: A_NQ = 98.5, H_NQ = 981786, A_Q = 98.66, H_Q = 26865, zstd_ratio = 1.97%, sparse_ratio = 1.45%, sparsity = 95.53% , sparse_accuracy = 98.68, training_time = 64s

Batch 0 of epoch 28
Batch 100 of epoch 28
Batch 200 of epoch 28
Batch 300 of epoch 28
Batch 400 of epoch 28
Batch 500 of epoch 28
Batch 600 of epoch 28
Batch 700 of epoch 28
Batch 800 of epoch 28
Batch 900 of epoch 28
Epoch 28: A_NQ = 98.56, H_NQ = 981870, A_Q = 98.75, H_Q = 28733, zstd_ratio = 2.04%, sparse_ratio = 1.51%, sparsity = 95.04% , sparse_accuracy = 98.73, training_time = 64s

Batch 0 of epoch 29
Batch 100 of epoch 29
Batch 200 of epoch 29
Batch 300 of epoch 29
Batch 400 of epoch 29
Batch 500 of epoch 29
Batch 600 of epoch 29
Batch 700 of epoch 29
Batch 800 of epoch 29
Batch 900 of epoch 29
Epoch 29: A_NQ = 98.72, H_NQ = 981747, A_Q = 98.67, H_Q = 26607, zstd_ratio = 1.94%, sparse_ratio = 1.43%, sparsity = 95.57% , sparse_accuracy = 98.67, training_time = 64s

Batch 0 of epoch 30
Batch 100 of epoch 30
Batch 200 of epoch 30
Batch 300 of epoch 30
Batch 400 of epoch 30
Batch 500 of epoch 30
Batch 600 of epoch 30
Batch 700 of epoch 30
Batch 800 of epoch 30
Batch 900 of epoch 30
Epoch 30: A_NQ = 98.71, H_NQ = 981844, A_Q = 98.49, H_Q = 26859, zstd_ratio = 1.96%, sparse_ratio = 1.44%, sparsity = 95.52% , sparse_accuracy = 98.46, training_time = 66s

Batch 0 of epoch 31
Batch 100 of epoch 31
Batch 200 of epoch 31
Batch 300 of epoch 31
Batch 400 of epoch 31
Batch 500 of epoch 31
Batch 600 of epoch 31
Batch 700 of epoch 31
Batch 800 of epoch 31
Batch 900 of epoch 31
Epoch 31: A_NQ = 98.44, H_NQ = 981868, A_Q = 98.68, H_Q = 26981, zstd_ratio = 1.97%, sparse_ratio = 1.45%, sparsity = 95.49% , sparse_accuracy = 98.65, training_time = 63s

Batch 0 of epoch 32
Batch 100 of epoch 32
Batch 200 of epoch 32
Batch 300 of epoch 32
Batch 400 of epoch 32
Batch 500 of epoch 32
Batch 600 of epoch 32
Batch 700 of epoch 32
Batch 800 of epoch 32
Batch 900 of epoch 32
Epoch 32: A_NQ = 98.78, H_NQ = 981880, A_Q = 98.8, H_Q = 26163, zstd_ratio = 1.92%, sparse_ratio = 1.42%, sparsity = 95.66% , sparse_accuracy = 98.78, training_time = 64s

Batch 0 of epoch 33
Batch 100 of epoch 33
Batch 200 of epoch 33
Batch 300 of epoch 33
Batch 400 of epoch 33
Batch 500 of epoch 33
Batch 600 of epoch 33
Batch 700 of epoch 33
Batch 800 of epoch 33
Batch 900 of epoch 33
Epoch 33: A_NQ = 97.16, H_NQ = 981778, A_Q = 98.38, H_Q = 26349, zstd_ratio = 1.94%, sparse_ratio = 1.42%, sparsity = 95.61% , sparse_accuracy = 98.4, training_time = 66s

Batch 0 of epoch 34
Batch 100 of epoch 34
Batch 200 of epoch 34
Batch 300 of epoch 34
Batch 400 of epoch 34
Batch 500 of epoch 34
Batch 600 of epoch 34
Batch 700 of epoch 34
Batch 800 of epoch 34
Batch 900 of epoch 34
Epoch 34: A_NQ = 98.63, H_NQ = 981862, A_Q = 98.56, H_Q = 25426, zstd_ratio = 1.89%, sparse_ratio = 1.38%, sparsity = 95.83% , sparse_accuracy = 98.55, training_time = 64s

Batch 0 of epoch 35
Batch 100 of epoch 35
Batch 200 of epoch 35
Batch 300 of epoch 35
Batch 400 of epoch 35
Batch 500 of epoch 35
Batch 600 of epoch 35
Batch 700 of epoch 35
Batch 800 of epoch 35
Batch 900 of epoch 35
Epoch 35: A_NQ = 98.33, H_NQ = 981792, A_Q = 98.72, H_Q = 25206, zstd_ratio = 1.89%, sparse_ratio = 1.38%, sparsity = 95.87% , sparse_accuracy = 98.72, training_time = 64s

Batch 0 of epoch 36
Batch 100 of epoch 36
Batch 200 of epoch 36
Batch 300 of epoch 36
Batch 400 of epoch 36
Batch 500 of epoch 36
Batch 600 of epoch 36
Batch 700 of epoch 36
Batch 800 of epoch 36
Batch 900 of epoch 36
Epoch 36: A_NQ = 98.27, H_NQ = 981860, A_Q = 98.6, H_Q = 25524, zstd_ratio = 1.89%, sparse_ratio = 1.38%, sparsity = 95.81% , sparse_accuracy = 98.61, training_time = 65s

Batch 0 of epoch 37
Batch 100 of epoch 37
Batch 200 of epoch 37
Batch 300 of epoch 37
Batch 400 of epoch 37
Batch 500 of epoch 37
Batch 600 of epoch 37
Batch 700 of epoch 37
Batch 800 of epoch 37
Batch 900 of epoch 37
Epoch 37: A_NQ = 98.45, H_NQ = 981814, A_Q = 98.66, H_Q = 26518, zstd_ratio = 1.92%, sparse_ratio = 1.42%, sparsity = 95.58% , sparse_accuracy = 98.65, training_time = 65s

Batch 0 of epoch 38
Batch 100 of epoch 38
Batch 200 of epoch 38
Batch 300 of epoch 38
Batch 400 of epoch 38
Batch 500 of epoch 38
Batch 600 of epoch 38
Batch 700 of epoch 38
Batch 800 of epoch 38
Batch 900 of epoch 38
Epoch 38: A_NQ = 98.46, H_NQ = 981634, A_Q = 98.79, H_Q = 25845, zstd_ratio = 1.89%, sparse_ratio = 1.40%, sparsity = 95.73% , sparse_accuracy = 98.79, training_time = 64s

Batch 0 of epoch 39
Batch 100 of epoch 39
Batch 200 of epoch 39
Batch 300 of epoch 39
Batch 400 of epoch 39
Batch 500 of epoch 39
Batch 600 of epoch 39
Batch 700 of epoch 39
Batch 800 of epoch 39
Batch 900 of epoch 39
Epoch 39: A_NQ = 98.49, H_NQ = 981664, A_Q = 98.85, H_Q = 26036, zstd_ratio = 1.89%, sparse_ratio = 1.41%, sparsity = 95.68% , sparse_accuracy = 98.84, training_time = 65s

Batch 0 of epoch 40
Batch 100 of epoch 40
Batch 200 of epoch 40
Batch 300 of epoch 40
Batch 400 of epoch 40
Batch 500 of epoch 40
Batch 600 of epoch 40
Batch 700 of epoch 40
Batch 800 of epoch 40
Batch 900 of epoch 40
Epoch 40: A_NQ = 98.76, H_NQ = 981876, A_Q = 98.71, H_Q = 25549, zstd_ratio = 1.89%, sparse_ratio = 1.39%, sparsity = 95.78% , sparse_accuracy = 98.71, training_time = 65s

Batch 0 of epoch 41
Batch 100 of epoch 41
Batch 200 of epoch 41
Batch 300 of epoch 41
Batch 400 of epoch 41
Batch 500 of epoch 41
Batch 600 of epoch 41
Batch 700 of epoch 41
Batch 800 of epoch 41
Batch 900 of epoch 41
Epoch 41: A_NQ = 98.67, H_NQ = 981882, A_Q = 98.7, H_Q = 25316, zstd_ratio = 1.86%, sparse_ratio = 1.37%, sparsity = 95.83% , sparse_accuracy = 98.68, training_time = 66s

Batch 0 of epoch 42
Batch 100 of epoch 42
Batch 200 of epoch 42
Batch 300 of epoch 42
Batch 400 of epoch 42
Batch 500 of epoch 42
Batch 600 of epoch 42
Batch 700 of epoch 42
Batch 800 of epoch 42
Batch 900 of epoch 42
Epoch 42: A_NQ = 98.55, H_NQ = 981864, A_Q = 98.53, H_Q = 24970, zstd_ratio = 1.84%, sparse_ratio = 1.35%, sparsity = 95.91% , sparse_accuracy = 98.53, training_time = 70s

Batch 0 of epoch 43
Batch 100 of epoch 43
Batch 200 of epoch 43
Batch 300 of epoch 43
Batch 400 of epoch 43
Batch 500 of epoch 43
Batch 600 of epoch 43
Batch 700 of epoch 43
Batch 800 of epoch 43
Batch 900 of epoch 43
Epoch 43: A_NQ = 98.7, H_NQ = 981866, A_Q = 98.42, H_Q = 25792, zstd_ratio = 1.87%, sparse_ratio = 1.39%, sparsity = 95.72% , sparse_accuracy = 98.41, training_time = 71s

Batch 0 of epoch 44
Batch 100 of epoch 44
Batch 200 of epoch 44
Batch 300 of epoch 44
Batch 400 of epoch 44
Batch 500 of epoch 44
Batch 600 of epoch 44
Batch 700 of epoch 44
Batch 800 of epoch 44
Batch 900 of epoch 44
Epoch 44: A_NQ = 98.76, H_NQ = 981864, A_Q = 98.74, H_Q = 25714, zstd_ratio = 1.87%, sparse_ratio = 1.38%, sparsity = 95.73% , sparse_accuracy = 98.75, training_time = 67s

Batch 0 of epoch 45
Batch 100 of epoch 45
Batch 200 of epoch 45
Batch 300 of epoch 45
Batch 400 of epoch 45
Batch 500 of epoch 45
Batch 600 of epoch 45
Batch 700 of epoch 45
Batch 800 of epoch 45
Batch 900 of epoch 45
Epoch 45: A_NQ = 98.75, H_NQ = 981866, A_Q = 98.3, H_Q = 25100, zstd_ratio = 1.84%, sparse_ratio = 1.37%, sparsity = 95.88% , sparse_accuracy = 98.3, training_time = 68s

Batch 0 of epoch 46
Batch 100 of epoch 46
Batch 200 of epoch 46
Batch 300 of epoch 46
Batch 400 of epoch 46
Batch 500 of epoch 46
Batch 600 of epoch 46
Batch 700 of epoch 46
Batch 800 of epoch 46
Batch 900 of epoch 46
Epoch 46: A_NQ = 98.36, H_NQ = 981892, A_Q = 98.5, H_Q = 24423, zstd_ratio = 1.81%, sparse_ratio = 1.34%, sparsity = 96.04% , sparse_accuracy = 98.49, training_time = 68s

Batch 0 of epoch 47
Batch 100 of epoch 47
Batch 200 of epoch 47
Batch 300 of epoch 47
Batch 400 of epoch 47
Batch 500 of epoch 47
Batch 600 of epoch 47
Batch 700 of epoch 47
Batch 800 of epoch 47
Batch 900 of epoch 47
Epoch 47: A_NQ = 98.01, H_NQ = 981838, A_Q = 98.16, H_Q = 24549, zstd_ratio = 1.83%, sparse_ratio = 1.33%, sparsity = 96.01% , sparse_accuracy = 98.16, training_time = 66s

Batch 0 of epoch 48
Batch 100 of epoch 48
Batch 200 of epoch 48
Batch 300 of epoch 48
Batch 400 of epoch 48
Batch 500 of epoch 48
Batch 600 of epoch 48
Batch 700 of epoch 48
Batch 800 of epoch 48
Batch 900 of epoch 48
Epoch 48: A_NQ = 98.63, H_NQ = 981878, A_Q = 98.52, H_Q = 23766, zstd_ratio = 1.79%, sparse_ratio = 1.30%, sparsity = 96.19% , sparse_accuracy = 98.53, training_time = 70s

Batch 0 of epoch 49
Batch 100 of epoch 49
Batch 200 of epoch 49
Batch 300 of epoch 49
Batch 400 of epoch 49
Batch 500 of epoch 49
Batch 600 of epoch 49
Batch 700 of epoch 49
Batch 800 of epoch 49
Batch 900 of epoch 49
Epoch 49: A_NQ = 98.26, H_NQ = 981882, A_Q = 98.53, H_Q = 25439, zstd_ratio = 1.86%, sparse_ratio = 1.37%, sparsity = 95.79% , sparse_accuracy = 98.53, training_time = 64s

Batch 0 of epoch 50
Batch 100 of epoch 50
Batch 200 of epoch 50
Batch 300 of epoch 50
Batch 400 of epoch 50
Batch 500 of epoch 50
Batch 600 of epoch 50
Batch 700 of epoch 50
Batch 800 of epoch 50
Batch 900 of epoch 50
Epoch 50: A_NQ = 98.53, H_NQ = 981786, A_Q = 98.52, H_Q = 25639, zstd_ratio = 1.85%, sparse_ratio = 1.37%, sparsity = 95.72% , sparse_accuracy = 98.53, training_time = 66s

Batch 0 of epoch 51
Batch 100 of epoch 51
Batch 200 of epoch 51
Batch 300 of epoch 51
Batch 400 of epoch 51
Batch 500 of epoch 51
Batch 600 of epoch 51
Batch 700 of epoch 51
Batch 800 of epoch 51
Batch 900 of epoch 51
Epoch 51: A_NQ = 98.64, H_NQ = 981898, A_Q = 98.87, H_Q = 25021, zstd_ratio = 1.83%, sparse_ratio = 1.35%, sparsity = 95.87% , sparse_accuracy = 98.88, training_time = 67s

Batch 0 of epoch 52
Batch 100 of epoch 52
Batch 200 of epoch 52
Batch 300 of epoch 52
Batch 400 of epoch 52
Batch 500 of epoch 52
Batch 600 of epoch 52
Batch 700 of epoch 52
Batch 800 of epoch 52
Batch 900 of epoch 52
Epoch 52: A_NQ = 98.65, H_NQ = 981904, A_Q = 98.63, H_Q = 23306, zstd_ratio = 1.76%, sparse_ratio = 1.27%, sparsity = 96.27% , sparse_accuracy = 98.64, training_time = 65s

Batch 0 of epoch 53
Batch 100 of epoch 53
Batch 200 of epoch 53
Batch 300 of epoch 53
Batch 400 of epoch 53
Batch 500 of epoch 53
Batch 600 of epoch 53
Batch 700 of epoch 53
Batch 800 of epoch 53
Batch 900 of epoch 53
Epoch 53: A_NQ = 98.75, H_NQ = 981848, A_Q = 98.6, H_Q = 24112, zstd_ratio = 1.80%, sparse_ratio = 1.31%, sparsity = 96.09% , sparse_accuracy = 98.59, training_time = 65s

Batch 0 of epoch 54
Batch 100 of epoch 54
Batch 200 of epoch 54
Batch 300 of epoch 54
Batch 400 of epoch 54
Batch 500 of epoch 54
Batch 600 of epoch 54
Batch 700 of epoch 54
Batch 800 of epoch 54
Batch 900 of epoch 54
Epoch 54: A_NQ = 98.17, H_NQ = 981874, A_Q = 98.42, H_Q = 24617, zstd_ratio = 1.81%, sparse_ratio = 1.33%, sparsity = 95.97% , sparse_accuracy = 98.45, training_time = 66s

Batch 0 of epoch 55
Batch 100 of epoch 55
Batch 200 of epoch 55
Batch 300 of epoch 55
Batch 400 of epoch 55
Batch 500 of epoch 55
Batch 600 of epoch 55
Batch 700 of epoch 55
Batch 800 of epoch 55
Batch 900 of epoch 55
Epoch 55: A_NQ = 98.76, H_NQ = 981858, A_Q = 99.03, H_Q = 24494, zstd_ratio = 1.81%, sparse_ratio = 1.32%, sparsity = 96.00% , sparse_accuracy = 99.03, training_time = 66s

Batch 0 of epoch 56
Batch 100 of epoch 56
Batch 200 of epoch 56
Batch 300 of epoch 56
Batch 400 of epoch 56
Batch 500 of epoch 56
Batch 600 of epoch 56
Batch 700 of epoch 56
Batch 800 of epoch 56
Batch 900 of epoch 56
Epoch 56: A_NQ = 98.71, H_NQ = 981864, A_Q = 98.89, H_Q = 23441, zstd_ratio = 1.76%, sparse_ratio = 1.29%, sparsity = 96.24% , sparse_accuracy = 98.88, training_time = 67s

Batch 0 of epoch 57
Batch 100 of epoch 57
Batch 200 of epoch 57
Batch 300 of epoch 57
Batch 400 of epoch 57
Batch 500 of epoch 57
Batch 600 of epoch 57
Batch 700 of epoch 57
Batch 800 of epoch 57
Batch 900 of epoch 57
Epoch 57: A_NQ = 98.73, H_NQ = 981892, A_Q = 98.87, H_Q = 23189, zstd_ratio = 1.75%, sparse_ratio = 1.27%, sparsity = 96.29% , sparse_accuracy = 98.86, training_time = 65s

Batch 0 of epoch 58
Batch 100 of epoch 58
Batch 200 of epoch 58
Batch 300 of epoch 58
Batch 400 of epoch 58
Batch 500 of epoch 58
Batch 600 of epoch 58
Batch 700 of epoch 58
Batch 800 of epoch 58
Batch 900 of epoch 58
Epoch 58: A_NQ = 98.71, H_NQ = 981820, A_Q = 98.71, H_Q = 24660, zstd_ratio = 1.79%, sparse_ratio = 1.33%, sparsity = 95.96% , sparse_accuracy = 98.72, training_time = 65s

Batch 0 of epoch 59
Batch 100 of epoch 59
Batch 200 of epoch 59
Batch 300 of epoch 59
Batch 400 of epoch 59
Batch 500 of epoch 59
Batch 600 of epoch 59
Batch 700 of epoch 59
Batch 800 of epoch 59
Batch 900 of epoch 59
Epoch 59: A_NQ = 98.92, H_NQ = 981894, A_Q = 98.91, H_Q = 23871, zstd_ratio = 1.77%, sparse_ratio = 1.28%, sparsity = 96.13% , sparse_accuracy = 98.92, training_time = 66s

Batch 0 of epoch 60
Batch 100 of epoch 60
Batch 200 of epoch 60
Batch 300 of epoch 60
Batch 400 of epoch 60
Batch 500 of epoch 60
Batch 600 of epoch 60
Batch 700 of epoch 60
Batch 800 of epoch 60
Batch 900 of epoch 60
Epoch 60: A_NQ = 98.58, H_NQ = 981822, A_Q = 98.83, H_Q = 24254, zstd_ratio = 1.79%, sparse_ratio = 1.30%, sparsity = 96.03% , sparse_accuracy = 98.82, training_time = 64s

Batch 0 of epoch 61
Batch 100 of epoch 61
Batch 200 of epoch 61
Batch 300 of epoch 61
Batch 400 of epoch 61
Batch 500 of epoch 61
Batch 600 of epoch 61
Batch 700 of epoch 61
Batch 800 of epoch 61
Batch 900 of epoch 61
Epoch 61: A_NQ = 98.53, H_NQ = 981824, A_Q = 98.73, H_Q = 25178, zstd_ratio = 1.87%, sparse_ratio = 1.36%, sparsity = 95.83% , sparse_accuracy = 98.73, training_time = 64s

Batch 0 of epoch 62
Batch 100 of epoch 62
Batch 200 of epoch 62
Batch 300 of epoch 62
Batch 400 of epoch 62
Batch 500 of epoch 62
Batch 600 of epoch 62
Batch 700 of epoch 62
Batch 800 of epoch 62
Batch 900 of epoch 62
Epoch 62: A_NQ = 98.65, H_NQ = 981785, A_Q = 99.02, H_Q = 23796, zstd_ratio = 1.76%, sparse_ratio = 1.29%, sparsity = 96.15% , sparse_accuracy = 98.99, training_time = 64s

Batch 0 of epoch 63
Batch 100 of epoch 63
Batch 200 of epoch 63
Batch 300 of epoch 63
Batch 400 of epoch 63
Batch 500 of epoch 63
Batch 600 of epoch 63
Batch 700 of epoch 63
Batch 800 of epoch 63
Batch 900 of epoch 63
Epoch 63: A_NQ = 98.81, H_NQ = 981896, A_Q = 98.81, H_Q = 23496, zstd_ratio = 1.75%, sparse_ratio = 1.27%, sparsity = 96.22% , sparse_accuracy = 98.81, training_time = 64s

Batch 0 of epoch 64
Batch 100 of epoch 64
Batch 200 of epoch 64
Batch 300 of epoch 64
Batch 400 of epoch 64
Batch 500 of epoch 64
Batch 600 of epoch 64
Batch 700 of epoch 64
Batch 800 of epoch 64
Batch 900 of epoch 64
Epoch 64: A_NQ = 98.77, H_NQ = 981902, A_Q = 98.75, H_Q = 23919, zstd_ratio = 1.76%, sparse_ratio = 1.29%, sparsity = 96.12% , sparse_accuracy = 98.74, training_time = 64s

Batch 0 of epoch 65
Batch 100 of epoch 65
Batch 200 of epoch 65
Batch 300 of epoch 65
Batch 400 of epoch 65
Batch 500 of epoch 65
Batch 600 of epoch 65
Batch 700 of epoch 65
Batch 800 of epoch 65
Batch 900 of epoch 65
Epoch 65: A_NQ = 98.69, H_NQ = 981824, A_Q = 98.74, H_Q = 23470, zstd_ratio = 1.74%, sparse_ratio = 1.26%, sparsity = 96.21% , sparse_accuracy = 98.73, training_time = 64s

Batch 0 of epoch 66
Batch 100 of epoch 66
Batch 200 of epoch 66
Batch 300 of epoch 66
Batch 400 of epoch 66
Batch 500 of epoch 66
Batch 600 of epoch 66
Batch 700 of epoch 66
Batch 800 of epoch 66
Batch 900 of epoch 66
Epoch 66: A_NQ = 98.75, H_NQ = 981593, A_Q = 98.64, H_Q = 22597, zstd_ratio = 1.70%, sparse_ratio = 1.23%, sparsity = 96.42% , sparse_accuracy = 98.64, training_time = 64s

Batch 0 of epoch 67
Batch 100 of epoch 67
Batch 200 of epoch 67
Batch 300 of epoch 67
Batch 400 of epoch 67
Batch 500 of epoch 67
Batch 600 of epoch 67
Batch 700 of epoch 67
Batch 800 of epoch 67
Batch 900 of epoch 67
Epoch 67: A_NQ = 98.8, H_NQ = 981852, A_Q = 98.56, H_Q = 23134, zstd_ratio = 1.70%, sparse_ratio = 1.24%, sparsity = 96.29% , sparse_accuracy = 98.56, training_time = 65s

Batch 0 of epoch 68
Batch 100 of epoch 68
Batch 200 of epoch 68
Batch 300 of epoch 68
Batch 400 of epoch 68
Batch 500 of epoch 68
Batch 600 of epoch 68
Batch 700 of epoch 68
Batch 800 of epoch 68
Batch 900 of epoch 68
Epoch 68: A_NQ = 98.67, H_NQ = 981868, A_Q = 98.3, H_Q = 23265, zstd_ratio = 1.74%, sparse_ratio = 1.26%, sparsity = 96.26% , sparse_accuracy = 98.31, training_time = 66s

Batch 0 of epoch 69
Batch 100 of epoch 69
Batch 200 of epoch 69
Batch 300 of epoch 69
Batch 400 of epoch 69
Batch 500 of epoch 69
Batch 600 of epoch 69
Batch 700 of epoch 69
Batch 800 of epoch 69
Batch 900 of epoch 69
Epoch 69: A_NQ = 98.53, H_NQ = 981870, A_Q = 98.63, H_Q = 23671, zstd_ratio = 1.73%, sparse_ratio = 1.27%, sparsity = 96.16% , sparse_accuracy = 98.65, training_time = 64s

Batch 0 of epoch 70
Batch 100 of epoch 70
Batch 200 of epoch 70
Batch 300 of epoch 70
Batch 400 of epoch 70
Batch 500 of epoch 70
Batch 600 of epoch 70
Batch 700 of epoch 70
Batch 800 of epoch 70
Batch 900 of epoch 70
Epoch 70: A_NQ = 98.63, H_NQ = 981792, A_Q = 98.74, H_Q = 24356, zstd_ratio = 1.76%, sparse_ratio = 1.30%, sparsity = 96.01% , sparse_accuracy = 98.74, training_time = 64s

Batch 0 of epoch 71
Batch 100 of epoch 71
Batch 200 of epoch 71
Batch 300 of epoch 71
Batch 400 of epoch 71
Batch 500 of epoch 71
Batch 600 of epoch 71
Batch 700 of epoch 71
Batch 800 of epoch 71
Batch 900 of epoch 71
Epoch 71: A_NQ = 98.65, H_NQ = 981784, A_Q = 98.53, H_Q = 23535, zstd_ratio = 1.74%, sparse_ratio = 1.27%, sparsity = 96.20% , sparse_accuracy = 98.53, training_time = 64s

Batch 0 of epoch 72
Batch 100 of epoch 72
Batch 200 of epoch 72
Batch 300 of epoch 72
Batch 400 of epoch 72
Batch 500 of epoch 72
Batch 600 of epoch 72
Batch 700 of epoch 72
Batch 800 of epoch 72
Batch 900 of epoch 72
Epoch 72: A_NQ = 98.9, H_NQ = 981796, A_Q = 98.82, H_Q = 23635, zstd_ratio = 1.74%, sparse_ratio = 1.27%, sparsity = 96.18% , sparse_accuracy = 98.83, training_time = 64s

Batch 0 of epoch 73
Batch 100 of epoch 73
Batch 200 of epoch 73
Batch 300 of epoch 73
Batch 400 of epoch 73
Batch 500 of epoch 73
Batch 600 of epoch 73
Batch 700 of epoch 73
Batch 800 of epoch 73
Batch 900 of epoch 73
Epoch 73: A_NQ = 98.61, H_NQ = 981858, A_Q = 98.62, H_Q = 24091, zstd_ratio = 1.75%, sparse_ratio = 1.29%, sparsity = 96.07% , sparse_accuracy = 98.6, training_time = 64s

Batch 0 of epoch 74
Batch 100 of epoch 74
Batch 200 of epoch 74
Batch 300 of epoch 74
Batch 400 of epoch 74
Batch 500 of epoch 74
Batch 600 of epoch 74
Batch 700 of epoch 74
Batch 800 of epoch 74
Batch 900 of epoch 74
Epoch 74: A_NQ = 98.71, H_NQ = 981850, A_Q = 98.68, H_Q = 24062, zstd_ratio = 1.74%, sparse_ratio = 1.28%, sparsity = 96.07% , sparse_accuracy = 98.68, training_time = 66s

Batch 0 of epoch 75
Batch 100 of epoch 75
Batch 200 of epoch 75
Batch 300 of epoch 75
Batch 400 of epoch 75
Batch 500 of epoch 75
Batch 600 of epoch 75
Batch 700 of epoch 75
Batch 800 of epoch 75
Batch 900 of epoch 75
Epoch 75: A_NQ = 98.6, H_NQ = 981856, A_Q = 98.69, H_Q = 24142, zstd_ratio = 1.75%, sparse_ratio = 1.28%, sparsity = 96.05% , sparse_accuracy = 98.69, training_time = 65s

Batch 0 of epoch 76
Batch 100 of epoch 76
Batch 200 of epoch 76
Batch 300 of epoch 76
Batch 400 of epoch 76
Batch 500 of epoch 76
Batch 600 of epoch 76
Batch 700 of epoch 76
Batch 800 of epoch 76
Batch 900 of epoch 76
Epoch 76: A_NQ = 98.66, H_NQ = 981904, A_Q = 98.76, H_Q = 22433, zstd_ratio = 1.69%, sparse_ratio = 1.22%, sparsity = 96.44% , sparse_accuracy = 98.78, training_time = 64s

Batch 0 of epoch 77
Batch 100 of epoch 77
Batch 200 of epoch 77
Batch 300 of epoch 77
Batch 400 of epoch 77
Batch 500 of epoch 77
Batch 600 of epoch 77
Batch 700 of epoch 77
Batch 800 of epoch 77
Batch 900 of epoch 77
Epoch 77: A_NQ = 98.87, H_NQ = 981805, A_Q = 98.92, H_Q = 22727, zstd_ratio = 1.68%, sparse_ratio = 1.23%, sparsity = 96.38% , sparse_accuracy = 98.94, training_time = 64s

Batch 0 of epoch 78
Batch 100 of epoch 78
Batch 200 of epoch 78
Batch 300 of epoch 78
Batch 400 of epoch 78
Batch 500 of epoch 78
Batch 600 of epoch 78
Batch 700 of epoch 78
Batch 800 of epoch 78
Batch 900 of epoch 78
Epoch 78: A_NQ = 98.78, H_NQ = 981674, A_Q = 98.8, H_Q = 23647, zstd_ratio = 1.75%, sparse_ratio = 1.27%, sparsity = 96.16% , sparse_accuracy = 98.8, training_time = 64s

Batch 0 of epoch 79
Batch 100 of epoch 79
Batch 200 of epoch 79
Batch 300 of epoch 79
Batch 400 of epoch 79
Batch 500 of epoch 79
Batch 600 of epoch 79
Batch 700 of epoch 79
Batch 800 of epoch 79
Batch 900 of epoch 79
Epoch 79: A_NQ = 98.85, H_NQ = 981750, A_Q = 98.97, H_Q = 23602, zstd_ratio = 1.70%, sparse_ratio = 1.27%, sparsity = 96.17% , sparse_accuracy = 98.96, training_time = 64s

Batch 0 of epoch 80
Batch 100 of epoch 80
Batch 200 of epoch 80
Batch 300 of epoch 80
Batch 400 of epoch 80
Batch 500 of epoch 80
Batch 600 of epoch 80
Batch 700 of epoch 80
Batch 800 of epoch 80
Batch 900 of epoch 80
Epoch 80: A_NQ = 98.85, H_NQ = 981820, A_Q = 98.94, H_Q = 23672, zstd_ratio = 1.72%, sparse_ratio = 1.27%, sparsity = 96.16% , sparse_accuracy = 98.95, training_time = 64s

Batch 0 of epoch 81
Batch 100 of epoch 81
Batch 200 of epoch 81
Batch 300 of epoch 81
Batch 400 of epoch 81
Batch 500 of epoch 81
Batch 600 of epoch 81
Batch 700 of epoch 81
Batch 800 of epoch 81
Batch 900 of epoch 81
Epoch 81: A_NQ = 98.85, H_NQ = 981836, A_Q = 98.84, H_Q = 23536, zstd_ratio = 1.72%, sparse_ratio = 1.26%, sparsity = 96.20% , sparse_accuracy = 98.86, training_time = 64s

Batch 0 of epoch 82
Batch 100 of epoch 82
Batch 200 of epoch 82
Batch 300 of epoch 82
Batch 400 of epoch 82
Batch 500 of epoch 82
Batch 600 of epoch 82
Batch 700 of epoch 82
Batch 800 of epoch 82
Batch 900 of epoch 82
Epoch 82: A_NQ = 98.67, H_NQ = 981886, A_Q = 98.82, H_Q = 22654, zstd_ratio = 1.67%, sparse_ratio = 1.23%, sparsity = 96.39% , sparse_accuracy = 98.8, training_time = 64s

Batch 0 of epoch 83
Batch 100 of epoch 83
Batch 200 of epoch 83
Batch 300 of epoch 83
Batch 400 of epoch 83
Batch 500 of epoch 83
Batch 600 of epoch 83
Batch 700 of epoch 83
Batch 800 of epoch 83
Batch 900 of epoch 83
Epoch 83: A_NQ = 98.74, H_NQ = 981838, A_Q = 98.85, H_Q = 23158, zstd_ratio = 1.69%, sparse_ratio = 1.24%, sparsity = 96.27% , sparse_accuracy = 98.86, training_time = 65s

Batch 0 of epoch 84
Batch 100 of epoch 84
Batch 200 of epoch 84
Batch 300 of epoch 84
Batch 400 of epoch 84
Batch 500 of epoch 84
Batch 600 of epoch 84
Batch 700 of epoch 84
Batch 800 of epoch 84
Batch 900 of epoch 84
Epoch 84: A_NQ = 98.69, H_NQ = 981896, A_Q = 98.75, H_Q = 23440, zstd_ratio = 1.69%, sparse_ratio = 1.25%, sparsity = 96.21% , sparse_accuracy = 98.75, training_time = 63s

Batch 0 of epoch 85
Batch 100 of epoch 85
Batch 200 of epoch 85
Batch 300 of epoch 85
Batch 400 of epoch 85
Batch 500 of epoch 85
Batch 600 of epoch 85
Batch 700 of epoch 85
Batch 800 of epoch 85
Batch 900 of epoch 85
Epoch 85: A_NQ = 98.78, H_NQ = 981904, A_Q = 98.72, H_Q = 24095, zstd_ratio = 1.72%, sparse_ratio = 1.27%, sparsity = 96.05% , sparse_accuracy = 98.73, training_time = 64s

Batch 0 of epoch 86
Batch 100 of epoch 86
Batch 200 of epoch 86
Batch 300 of epoch 86
Batch 400 of epoch 86
Batch 500 of epoch 86
Batch 600 of epoch 86
Batch 700 of epoch 86
Batch 800 of epoch 86
Batch 900 of epoch 86
Epoch 86: A_NQ = 98.51, H_NQ = 981822, A_Q = 98.34, H_Q = 22668, zstd_ratio = 1.66%, sparse_ratio = 1.21%, sparsity = 96.37% , sparse_accuracy = 98.34, training_time = 63s

Batch 0 of epoch 87
Batch 100 of epoch 87
Batch 200 of epoch 87
Batch 300 of epoch 87
Batch 400 of epoch 87
Batch 500 of epoch 87
Batch 600 of epoch 87
Batch 700 of epoch 87
Batch 800 of epoch 87
Batch 900 of epoch 87
Epoch 87: A_NQ = 98.43, H_NQ = 981826, A_Q = 98.69, H_Q = 23013, zstd_ratio = 1.68%, sparse_ratio = 1.23%, sparsity = 96.29% , sparse_accuracy = 98.7, training_time = 63s

Batch 0 of epoch 88
Batch 100 of epoch 88
Batch 200 of epoch 88
Batch 300 of epoch 88
Batch 400 of epoch 88
Batch 500 of epoch 88
Batch 600 of epoch 88
Batch 700 of epoch 88
Batch 800 of epoch 88
Batch 900 of epoch 88
Epoch 88: A_NQ = 98.17, H_NQ = 981854, A_Q = 98.5, H_Q = 22972, zstd_ratio = 1.67%, sparse_ratio = 1.23%, sparsity = 96.30% , sparse_accuracy = 98.51, training_time = 64s

Batch 0 of epoch 89
Batch 100 of epoch 89
Batch 200 of epoch 89
Batch 300 of epoch 89
Batch 400 of epoch 89
Batch 500 of epoch 89
Batch 600 of epoch 89
Batch 700 of epoch 89
Batch 800 of epoch 89
Batch 900 of epoch 89
Epoch 89: A_NQ = 98.87, H_NQ = 981854, A_Q = 98.85, H_Q = 22144, zstd_ratio = 1.65%, sparse_ratio = 1.19%, sparsity = 96.49% , sparse_accuracy = 98.86, training_time = 64s

Batch 0 of epoch 90
Batch 100 of epoch 90
Batch 200 of epoch 90
Batch 300 of epoch 90
Batch 400 of epoch 90
Batch 500 of epoch 90
Batch 600 of epoch 90
Batch 700 of epoch 90
Batch 800 of epoch 90
Batch 900 of epoch 90
Epoch 90: A_NQ = 98.89, H_NQ = 981445, A_Q = 98.78, H_Q = 23016, zstd_ratio = 1.67%, sparse_ratio = 1.23%, sparsity = 96.29% , sparse_accuracy = 98.79, training_time = 64s

Batch 0 of epoch 91
Batch 100 of epoch 91
Batch 200 of epoch 91
Batch 300 of epoch 91
Batch 400 of epoch 91
Batch 500 of epoch 91
Batch 600 of epoch 91
Batch 700 of epoch 91
Batch 800 of epoch 91
Batch 900 of epoch 91
Epoch 91: A_NQ = 98.99, H_NQ = 981874, A_Q = 98.86, H_Q = 21966, zstd_ratio = 1.63%, sparse_ratio = 1.18%, sparsity = 96.53% , sparse_accuracy = 98.87, training_time = 64s

Batch 0 of epoch 92
Batch 100 of epoch 92
Batch 200 of epoch 92
Batch 300 of epoch 92
Batch 400 of epoch 92
Batch 500 of epoch 92
Batch 600 of epoch 92
Batch 700 of epoch 92
Batch 800 of epoch 92
Batch 900 of epoch 92
Epoch 92: A_NQ = 98.69, H_NQ = 981886, A_Q = 98.72, H_Q = 21576, zstd_ratio = 1.61%, sparse_ratio = 1.17%, sparsity = 96.61% , sparse_accuracy = 98.72, training_time = 64s

Batch 0 of epoch 93
Batch 100 of epoch 93
Batch 200 of epoch 93
Batch 300 of epoch 93
Batch 400 of epoch 93
Batch 500 of epoch 93
Batch 600 of epoch 93
Batch 700 of epoch 93
Batch 800 of epoch 93
Batch 900 of epoch 93
Epoch 93: A_NQ = 98.8, H_NQ = 981894, A_Q = 98.93, H_Q = 22114, zstd_ratio = 1.63%, sparse_ratio = 1.20%, sparsity = 96.49% , sparse_accuracy = 98.92, training_time = 63s

Batch 0 of epoch 94
Batch 100 of epoch 94
Batch 200 of epoch 94
Batch 300 of epoch 94
Batch 400 of epoch 94
Batch 500 of epoch 94
Batch 600 of epoch 94
Batch 700 of epoch 94
Batch 800 of epoch 94
Batch 900 of epoch 94
Epoch 94: A_NQ = 98.68, H_NQ = 981874, A_Q = 98.64, H_Q = 22679, zstd_ratio = 1.64%, sparse_ratio = 1.21%, sparsity = 96.36% , sparse_accuracy = 98.63, training_time = 64s

Batch 0 of epoch 95
Batch 100 of epoch 95
Batch 200 of epoch 95
Batch 300 of epoch 95
Batch 400 of epoch 95
Batch 500 of epoch 95
Batch 600 of epoch 95
Batch 700 of epoch 95
Batch 800 of epoch 95
Batch 900 of epoch 95
Epoch 95: A_NQ = 98.87, H_NQ = 981698, A_Q = 98.87, H_Q = 22357, zstd_ratio = 1.65%, sparse_ratio = 1.20%, sparsity = 96.44% , sparse_accuracy = 98.88, training_time = 64s

Batch 0 of epoch 96
Batch 100 of epoch 96
Batch 200 of epoch 96
Batch 300 of epoch 96
Batch 400 of epoch 96
Batch 500 of epoch 96
Batch 600 of epoch 96
Batch 700 of epoch 96
Batch 800 of epoch 96
Batch 900 of epoch 96
Epoch 96: A_NQ = 98.95, H_NQ = 981662, A_Q = 98.8, H_Q = 22038, zstd_ratio = 1.64%, sparse_ratio = 1.20%, sparsity = 96.50% , sparse_accuracy = 98.82, training_time = 64s

Batch 0 of epoch 97
Batch 100 of epoch 97
Batch 200 of epoch 97
Batch 300 of epoch 97
Batch 400 of epoch 97
Batch 500 of epoch 97
Batch 600 of epoch 97
Batch 700 of epoch 97
Batch 800 of epoch 97
Batch 900 of epoch 97
Epoch 97: A_NQ = 98.81, H_NQ = 981892, A_Q = 98.88, H_Q = 22886, zstd_ratio = 1.66%, sparse_ratio = 1.22%, sparsity = 96.31% , sparse_accuracy = 98.88, training_time = 63s

Batch 0 of epoch 98
Batch 100 of epoch 98
Batch 200 of epoch 98
Batch 300 of epoch 98
Batch 400 of epoch 98
Batch 500 of epoch 98
Batch 600 of epoch 98
Batch 700 of epoch 98
Batch 800 of epoch 98
Batch 900 of epoch 98
Epoch 98: A_NQ = 98.51, H_NQ = 981864, A_Q = 98.63, H_Q = 22677, zstd_ratio = 1.64%, sparse_ratio = 1.22%, sparsity = 96.36% , sparse_accuracy = 98.63, training_time = 68s

Batch 0 of epoch 99
Batch 100 of epoch 99
Batch 200 of epoch 99
Batch 300 of epoch 99
Batch 400 of epoch 99
Batch 500 of epoch 99
Batch 600 of epoch 99
Batch 700 of epoch 99
Batch 800 of epoch 99
Batch 900 of epoch 99
Epoch 99: A_NQ = 98.52, H_NQ = 981791, A_Q = 98.75, H_Q = 22917, zstd_ratio = 1.66%, sparse_ratio = 1.22%, sparsity = 96.29% , sparse_accuracy = 98.74, training_time = 69s

Batch 0 of epoch 100
Batch 100 of epoch 100
Batch 200 of epoch 100
Batch 300 of epoch 100
Batch 400 of epoch 100
Batch 500 of epoch 100
Batch 600 of epoch 100
Batch 700 of epoch 100
Batch 800 of epoch 100
Batch 900 of epoch 100
Epoch 100: A_NQ = 98.43, H_NQ = 981846, A_Q = 98.86, H_Q = 22591, zstd_ratio = 1.66%, sparse_ratio = 1.21%, sparsity = 96.39% , sparse_accuracy = 98.87, training_time = 68s

delta = 10.0
Epoch 1: A_NQ = 96.5, H_NQ = 981828, A_Q = 95.22, H_Q = 54299, zstd_ratio = 3.26%, sparse_ratio = 2.59%, sparsity = 87.30% , sparse_accuracy = 95.2, training_time = 65s
Epoch 2: A_NQ = 96.47, H_NQ = 981868, A_Q = 97.09, H_Q = 46835, zstd_ratio = 2.97%, sparse_ratio = 2.31%, sparsity = 90.00% , sparse_accuracy = 97.08, training_time = 63s
Epoch 3: A_NQ = 97.38, H_NQ = 981832, A_Q = 97.23, H_Q = 43550, zstd_ratio = 2.87%, sparse_ratio = 2.19%, sparsity = 91.08% , sparse_accuracy = 97.22, training_time = 64s
Epoch 4: A_NQ = 97.59, H_NQ = 981882, A_Q = 97.72, H_Q = 40009, zstd_ratio = 2.69%, sparse_ratio = 2.05%, sparsity = 92.16% , sparse_accuracy = 97.72, training_time = 64s
Epoch 5: A_NQ = 97.79, H_NQ = 981874, A_Q = 97.67, H_Q = 38002, zstd_ratio = 2.56%, sparse_ratio = 1.95%, sparsity = 92.72% , sparse_accuracy = 97.69, training_time = 65s
Epoch 6: A_NQ = 98.05, H_NQ = 981834, A_Q = 98.12, H_Q = 35823, zstd_ratio = 2.48%, sparse_ratio = 1.85%, sparsity = 93.33% , sparse_accuracy = 98.12, training_time = 63s
Epoch 7: A_NQ = 98.24, H_NQ = 981900, A_Q = 98.35, H_Q = 34794, zstd_ratio = 2.40%, sparse_ratio = 1.80%, sparsity = 93.61% , sparse_accuracy = 98.34, training_time = 65s
Epoch 8: A_NQ = 97.73, H_NQ = 981828, A_Q = 98.01, H_Q = 33735, zstd_ratio = 2.33%, sparse_ratio = 1.73%, sparsity = 93.86% , sparse_accuracy = 98.01, training_time = 64s
Epoch 9: A_NQ = 98.29, H_NQ = 981896, A_Q = 98.19, H_Q = 32959, zstd_ratio = 2.29%, sparse_ratio = 1.71%, sparsity = 94.07% , sparse_accuracy = 98.2, training_time = 64s
Epoch 10: A_NQ = 98.09, H_NQ = 981856, A_Q = 98.01, H_Q = 31791, zstd_ratio = 2.21%, sparse_ratio = 1.65%, sparsity = 94.37% , sparse_accuracy = 98.0, training_time = 65s
Epoch 11: A_NQ = 98.09, H_NQ = 981898, A_Q = 98.05, H_Q = 31898, zstd_ratio = 2.23%, sparse_ratio = 1.67%, sparsity = 94.33% , sparse_accuracy = 98.04, training_time = 64s
Epoch 12: A_NQ = 98.29, H_NQ = 981900, A_Q = 98.19, H_Q = 31431, zstd_ratio = 2.20%, sparse_ratio = 1.63%, sparsity = 94.44% , sparse_accuracy = 98.21, training_time = 64s
Epoch 13: A_NQ = 98.41, H_NQ = 981816, A_Q = 98.48, H_Q = 30907, zstd_ratio = 2.19%, sparse_ratio = 1.62%, sparsity = 94.57% , sparse_accuracy = 98.47, training_time = 64s
Epoch 14: A_NQ = 97.97, H_NQ = 981892, A_Q = 98.21, H_Q = 29367, zstd_ratio = 2.12%, sparse_ratio = 1.57%, sparsity = 94.95% , sparse_accuracy = 98.22, training_time = 64s
Epoch 15: A_NQ = 98.27, H_NQ = 981871, A_Q = 98.47, H_Q = 28255, zstd_ratio = 2.07%, sparse_ratio = 1.52%, sparsity = 95.22% , sparse_accuracy = 98.46, training_time = 63s
Epoch 16: A_NQ = 98.38, H_NQ = 981872, A_Q = 98.51, H_Q = 28423, zstd_ratio = 2.06%, sparse_ratio = 1.53%, sparsity = 95.18% , sparse_accuracy = 98.51, training_time = 64s
Epoch 17: A_NQ = 97.89, H_NQ = 981900, A_Q = 98.24, H_Q = 28568, zstd_ratio = 2.06%, sparse_ratio = 1.54%, sparsity = 95.14% , sparse_accuracy = 98.25, training_time = 63s
Epoch 18: A_NQ = 98.27, H_NQ = 981854, A_Q = 98.44, H_Q = 27964, zstd_ratio = 2.03%, sparse_ratio = 1.51%, sparsity = 95.29% , sparse_accuracy = 98.43, training_time = 64s
Epoch 19: A_NQ = 98.3, H_NQ = 981878, A_Q = 98.39, H_Q = 27673, zstd_ratio = 2.03%, sparse_ratio = 1.49%, sparsity = 95.35% , sparse_accuracy = 98.41, training_time = 63s
Epoch 20: A_NQ = 98.36, H_NQ = 981848, A_Q = 98.5, H_Q = 27121, zstd_ratio = 2.00%, sparse_ratio = 1.47%, sparsity = 95.48% , sparse_accuracy = 98.49, training_time = 64s
Epoch 21: A_NQ = 98.38, H_NQ = 981862, A_Q = 98.39, H_Q = 28427, zstd_ratio = 2.06%, sparse_ratio = 1.53%, sparsity = 95.17% , sparse_accuracy = 98.39, training_time = 66s
Epoch 22: A_NQ = 98.62, H_NQ = 981872, A_Q = 98.71, H_Q = 27417, zstd_ratio = 2.02%, sparse_ratio = 1.49%, sparsity = 95.41% , sparse_accuracy = 98.71, training_time = 64s
Epoch 23: A_NQ = 98.62, H_NQ = 981874, A_Q = 98.5, H_Q = 26845, zstd_ratio = 1.98%, sparse_ratio = 1.46%, sparsity = 95.53% , sparse_accuracy = 98.48, training_time = 64s
Epoch 24: A_NQ = 98.29, H_NQ = 981862, A_Q = 98.47, H_Q = 27255, zstd_ratio = 1.97%, sparse_ratio = 1.47%, sparsity = 95.43% , sparse_accuracy = 98.45, training_time = 64s
Epoch 25: A_NQ = 94.05, H_NQ = 981692, A_Q = 98.47, H_Q = 27847, zstd_ratio = 2.00%, sparse_ratio = 1.49%, sparsity = 95.29% , sparse_accuracy = 98.45, training_time = 64s
Epoch 26: A_NQ = 98.3, H_NQ = 981820, A_Q = 98.18, H_Q = 26794, zstd_ratio = 1.96%, sparse_ratio = 1.45%, sparsity = 95.54% , sparse_accuracy = 98.18, training_time = 64s
Epoch 27: A_NQ = 98.5, H_NQ = 981786, A_Q = 98.66, H_Q = 26865, zstd_ratio = 1.97%, sparse_ratio = 1.45%, sparsity = 95.53% , sparse_accuracy = 98.68, training_time = 64s
Epoch 28: A_NQ = 98.56, H_NQ = 981870, A_Q = 98.75, H_Q = 28733, zstd_ratio = 2.04%, sparse_ratio = 1.51%, sparsity = 95.04% , sparse_accuracy = 98.73, training_time = 64s
Epoch 29: A_NQ = 98.72, H_NQ = 981747, A_Q = 98.67, H_Q = 26607, zstd_ratio = 1.94%, sparse_ratio = 1.43%, sparsity = 95.57% , sparse_accuracy = 98.67, training_time = 64s
Epoch 30: A_NQ = 98.71, H_NQ = 981844, A_Q = 98.49, H_Q = 26859, zstd_ratio = 1.96%, sparse_ratio = 1.44%, sparsity = 95.52% , sparse_accuracy = 98.46, training_time = 66s
Epoch 31: A_NQ = 98.44, H_NQ = 981868, A_Q = 98.68, H_Q = 26981, zstd_ratio = 1.97%, sparse_ratio = 1.45%, sparsity = 95.49% , sparse_accuracy = 98.65, training_time = 63s
Epoch 32: A_NQ = 98.78, H_NQ = 981880, A_Q = 98.8, H_Q = 26163, zstd_ratio = 1.92%, sparse_ratio = 1.42%, sparsity = 95.66% , sparse_accuracy = 98.78, training_time = 64s
Epoch 33: A_NQ = 97.16, H_NQ = 981778, A_Q = 98.38, H_Q = 26349, zstd_ratio = 1.94%, sparse_ratio = 1.42%, sparsity = 95.61% , sparse_accuracy = 98.4, training_time = 66s
Epoch 34: A_NQ = 98.63, H_NQ = 981862, A_Q = 98.56, H_Q = 25426, zstd_ratio = 1.89%, sparse_ratio = 1.38%, sparsity = 95.83% , sparse_accuracy = 98.55, training_time = 64s
Epoch 35: A_NQ = 98.33, H_NQ = 981792, A_Q = 98.72, H_Q = 25206, zstd_ratio = 1.89%, sparse_ratio = 1.38%, sparsity = 95.87% , sparse_accuracy = 98.72, training_time = 64s
Epoch 36: A_NQ = 98.27, H_NQ = 981860, A_Q = 98.6, H_Q = 25524, zstd_ratio = 1.89%, sparse_ratio = 1.38%, sparsity = 95.81% , sparse_accuracy = 98.61, training_time = 65s
Epoch 37: A_NQ = 98.45, H_NQ = 981814, A_Q = 98.66, H_Q = 26518, zstd_ratio = 1.92%, sparse_ratio = 1.42%, sparsity = 95.58% , sparse_accuracy = 98.65, training_time = 65s
Epoch 38: A_NQ = 98.46, H_NQ = 981634, A_Q = 98.79, H_Q = 25845, zstd_ratio = 1.89%, sparse_ratio = 1.40%, sparsity = 95.73% , sparse_accuracy = 98.79, training_time = 64s
Epoch 39: A_NQ = 98.49, H_NQ = 981664, A_Q = 98.85, H_Q = 26036, zstd_ratio = 1.89%, sparse_ratio = 1.41%, sparsity = 95.68% , sparse_accuracy = 98.84, training_time = 65s
Epoch 40: A_NQ = 98.76, H_NQ = 981876, A_Q = 98.71, H_Q = 25549, zstd_ratio = 1.89%, sparse_ratio = 1.39%, sparsity = 95.78% , sparse_accuracy = 98.71, training_time = 65s
Epoch 41: A_NQ = 98.67, H_NQ = 981882, A_Q = 98.7, H_Q = 25316, zstd_ratio = 1.86%, sparse_ratio = 1.37%, sparsity = 95.83% , sparse_accuracy = 98.68, training_time = 66s
Epoch 42: A_NQ = 98.55, H_NQ = 981864, A_Q = 98.53, H_Q = 24970, zstd_ratio = 1.84%, sparse_ratio = 1.35%, sparsity = 95.91% , sparse_accuracy = 98.53, training_time = 70s
Epoch 43: A_NQ = 98.7, H_NQ = 981866, A_Q = 98.42, H_Q = 25792, zstd_ratio = 1.87%, sparse_ratio = 1.39%, sparsity = 95.72% , sparse_accuracy = 98.41, training_time = 71s
Epoch 44: A_NQ = 98.76, H_NQ = 981864, A_Q = 98.74, H_Q = 25714, zstd_ratio = 1.87%, sparse_ratio = 1.38%, sparsity = 95.73% , sparse_accuracy = 98.75, training_time = 67s
Epoch 45: A_NQ = 98.75, H_NQ = 981866, A_Q = 98.3, H_Q = 25100, zstd_ratio = 1.84%, sparse_ratio = 1.37%, sparsity = 95.88% , sparse_accuracy = 98.3, training_time = 68s
Epoch 46: A_NQ = 98.36, H_NQ = 981892, A_Q = 98.5, H_Q = 24423, zstd_ratio = 1.81%, sparse_ratio = 1.34%, sparsity = 96.04% , sparse_accuracy = 98.49, training_time = 68s
Epoch 47: A_NQ = 98.01, H_NQ = 981838, A_Q = 98.16, H_Q = 24549, zstd_ratio = 1.83%, sparse_ratio = 1.33%, sparsity = 96.01% , sparse_accuracy = 98.16, training_time = 66s
Epoch 48: A_NQ = 98.63, H_NQ = 981878, A_Q = 98.52, H_Q = 23766, zstd_ratio = 1.79%, sparse_ratio = 1.30%, sparsity = 96.19% , sparse_accuracy = 98.53, training_time = 70s
Epoch 49: A_NQ = 98.26, H_NQ = 981882, A_Q = 98.53, H_Q = 25439, zstd_ratio = 1.86%, sparse_ratio = 1.37%, sparsity = 95.79% , sparse_accuracy = 98.53, training_time = 64s
Epoch 50: A_NQ = 98.53, H_NQ = 981786, A_Q = 98.52, H_Q = 25639, zstd_ratio = 1.85%, sparse_ratio = 1.37%, sparsity = 95.72% , sparse_accuracy = 98.53, training_time = 66s
Epoch 51: A_NQ = 98.64, H_NQ = 981898, A_Q = 98.87, H_Q = 25021, zstd_ratio = 1.83%, sparse_ratio = 1.35%, sparsity = 95.87% , sparse_accuracy = 98.88, training_time = 67s
Epoch 52: A_NQ = 98.65, H_NQ = 981904, A_Q = 98.63, H_Q = 23306, zstd_ratio = 1.76%, sparse_ratio = 1.27%, sparsity = 96.27% , sparse_accuracy = 98.64, training_time = 65s
Epoch 53: A_NQ = 98.75, H_NQ = 981848, A_Q = 98.6, H_Q = 24112, zstd_ratio = 1.80%, sparse_ratio = 1.31%, sparsity = 96.09% , sparse_accuracy = 98.59, training_time = 65s
Epoch 54: A_NQ = 98.17, H_NQ = 981874, A_Q = 98.42, H_Q = 24617, zstd_ratio = 1.81%, sparse_ratio = 1.33%, sparsity = 95.97% , sparse_accuracy = 98.45, training_time = 66s
Epoch 55: A_NQ = 98.76, H_NQ = 981858, A_Q = 99.03, H_Q = 24494, zstd_ratio = 1.81%, sparse_ratio = 1.32%, sparsity = 96.00% , sparse_accuracy = 99.03, training_time = 66s
Epoch 56: A_NQ = 98.71, H_NQ = 981864, A_Q = 98.89, H_Q = 23441, zstd_ratio = 1.76%, sparse_ratio = 1.29%, sparsity = 96.24% , sparse_accuracy = 98.88, training_time = 67s
Epoch 57: A_NQ = 98.73, H_NQ = 981892, A_Q = 98.87, H_Q = 23189, zstd_ratio = 1.75%, sparse_ratio = 1.27%, sparsity = 96.29% , sparse_accuracy = 98.86, training_time = 65s
Epoch 58: A_NQ = 98.71, H_NQ = 981820, A_Q = 98.71, H_Q = 24660, zstd_ratio = 1.79%, sparse_ratio = 1.33%, sparsity = 95.96% , sparse_accuracy = 98.72, training_time = 65s
Epoch 59: A_NQ = 98.92, H_NQ = 981894, A_Q = 98.91, H_Q = 23871, zstd_ratio = 1.77%, sparse_ratio = 1.28%, sparsity = 96.13% , sparse_accuracy = 98.92, training_time = 66s
Epoch 60: A_NQ = 98.58, H_NQ = 981822, A_Q = 98.83, H_Q = 24254, zstd_ratio = 1.79%, sparse_ratio = 1.30%, sparsity = 96.03% , sparse_accuracy = 98.82, training_time = 64s
Epoch 61: A_NQ = 98.53, H_NQ = 981824, A_Q = 98.73, H_Q = 25178, zstd_ratio = 1.87%, sparse_ratio = 1.36%, sparsity = 95.83% , sparse_accuracy = 98.73, training_time = 64s
Epoch 62: A_NQ = 98.65, H_NQ = 981785, A_Q = 99.02, H_Q = 23796, zstd_ratio = 1.76%, sparse_ratio = 1.29%, sparsity = 96.15% , sparse_accuracy = 98.99, training_time = 64s
Epoch 63: A_NQ = 98.81, H_NQ = 981896, A_Q = 98.81, H_Q = 23496, zstd_ratio = 1.75%, sparse_ratio = 1.27%, sparsity = 96.22% , sparse_accuracy = 98.81, training_time = 64s
Epoch 64: A_NQ = 98.77, H_NQ = 981902, A_Q = 98.75, H_Q = 23919, zstd_ratio = 1.76%, sparse_ratio = 1.29%, sparsity = 96.12% , sparse_accuracy = 98.74, training_time = 64s
Epoch 65: A_NQ = 98.69, H_NQ = 981824, A_Q = 98.74, H_Q = 23470, zstd_ratio = 1.74%, sparse_ratio = 1.26%, sparsity = 96.21% , sparse_accuracy = 98.73, training_time = 64s
Epoch 66: A_NQ = 98.75, H_NQ = 981593, A_Q = 98.64, H_Q = 22597, zstd_ratio = 1.70%, sparse_ratio = 1.23%, sparsity = 96.42% , sparse_accuracy = 98.64, training_time = 64s
Epoch 67: A_NQ = 98.8, H_NQ = 981852, A_Q = 98.56, H_Q = 23134, zstd_ratio = 1.70%, sparse_ratio = 1.24%, sparsity = 96.29% , sparse_accuracy = 98.56, training_time = 65s
Epoch 68: A_NQ = 98.67, H_NQ = 981868, A_Q = 98.3, H_Q = 23265, zstd_ratio = 1.74%, sparse_ratio = 1.26%, sparsity = 96.26% , sparse_accuracy = 98.31, training_time = 66s
Epoch 69: A_NQ = 98.53, H_NQ = 981870, A_Q = 98.63, H_Q = 23671, zstd_ratio = 1.73%, sparse_ratio = 1.27%, sparsity = 96.16% , sparse_accuracy = 98.65, training_time = 64s
Epoch 70: A_NQ = 98.63, H_NQ = 981792, A_Q = 98.74, H_Q = 24356, zstd_ratio = 1.76%, sparse_ratio = 1.30%, sparsity = 96.01% , sparse_accuracy = 98.74, training_time = 64s
Epoch 71: A_NQ = 98.65, H_NQ = 981784, A_Q = 98.53, H_Q = 23535, zstd_ratio = 1.74%, sparse_ratio = 1.27%, sparsity = 96.20% , sparse_accuracy = 98.53, training_time = 64s
Epoch 72: A_NQ = 98.9, H_NQ = 981796, A_Q = 98.82, H_Q = 23635, zstd_ratio = 1.74%, sparse_ratio = 1.27%, sparsity = 96.18% , sparse_accuracy = 98.83, training_time = 64s
Epoch 73: A_NQ = 98.61, H_NQ = 981858, A_Q = 98.62, H_Q = 24091, zstd_ratio = 1.75%, sparse_ratio = 1.29%, sparsity = 96.07% , sparse_accuracy = 98.6, training_time = 64s
Epoch 74: A_NQ = 98.71, H_NQ = 981850, A_Q = 98.68, H_Q = 24062, zstd_ratio = 1.74%, sparse_ratio = 1.28%, sparsity = 96.07% , sparse_accuracy = 98.68, training_time = 66s
Epoch 75: A_NQ = 98.6, H_NQ = 981856, A_Q = 98.69, H_Q = 24142, zstd_ratio = 1.75%, sparse_ratio = 1.28%, sparsity = 96.05% , sparse_accuracy = 98.69, training_time = 65s
Epoch 76: A_NQ = 98.66, H_NQ = 981904, A_Q = 98.76, H_Q = 22433, zstd_ratio = 1.69%, sparse_ratio = 1.22%, sparsity = 96.44% , sparse_accuracy = 98.78, training_time = 64s
Epoch 77: A_NQ = 98.87, H_NQ = 981805, A_Q = 98.92, H_Q = 22727, zstd_ratio = 1.68%, sparse_ratio = 1.23%, sparsity = 96.38% , sparse_accuracy = 98.94, training_time = 64s
Epoch 78: A_NQ = 98.78, H_NQ = 981674, A_Q = 98.8, H_Q = 23647, zstd_ratio = 1.75%, sparse_ratio = 1.27%, sparsity = 96.16% , sparse_accuracy = 98.8, training_time = 64s
Epoch 79: A_NQ = 98.85, H_NQ = 981750, A_Q = 98.97, H_Q = 23602, zstd_ratio = 1.70%, sparse_ratio = 1.27%, sparsity = 96.17% , sparse_accuracy = 98.96, training_time = 64s
Epoch 80: A_NQ = 98.85, H_NQ = 981820, A_Q = 98.94, H_Q = 23672, zstd_ratio = 1.72%, sparse_ratio = 1.27%, sparsity = 96.16% , sparse_accuracy = 98.95, training_time = 64s
Epoch 81: A_NQ = 98.85, H_NQ = 981836, A_Q = 98.84, H_Q = 23536, zstd_ratio = 1.72%, sparse_ratio = 1.26%, sparsity = 96.20% , sparse_accuracy = 98.86, training_time = 64s
Epoch 82: A_NQ = 98.67, H_NQ = 981886, A_Q = 98.82, H_Q = 22654, zstd_ratio = 1.67%, sparse_ratio = 1.23%, sparsity = 96.39% , sparse_accuracy = 98.8, training_time = 64s
Epoch 83: A_NQ = 98.74, H_NQ = 981838, A_Q = 98.85, H_Q = 23158, zstd_ratio = 1.69%, sparse_ratio = 1.24%, sparsity = 96.27% , sparse_accuracy = 98.86, training_time = 65s
Epoch 84: A_NQ = 98.69, H_NQ = 981896, A_Q = 98.75, H_Q = 23440, zstd_ratio = 1.69%, sparse_ratio = 1.25%, sparsity = 96.21% , sparse_accuracy = 98.75, training_time = 63s
Epoch 85: A_NQ = 98.78, H_NQ = 981904, A_Q = 98.72, H_Q = 24095, zstd_ratio = 1.72%, sparse_ratio = 1.27%, sparsity = 96.05% , sparse_accuracy = 98.73, training_time = 64s
Epoch 86: A_NQ = 98.51, H_NQ = 981822, A_Q = 98.34, H_Q = 22668, zstd_ratio = 1.66%, sparse_ratio = 1.21%, sparsity = 96.37% , sparse_accuracy = 98.34, training_time = 63s
Epoch 87: A_NQ = 98.43, H_NQ = 981826, A_Q = 98.69, H_Q = 23013, zstd_ratio = 1.68%, sparse_ratio = 1.23%, sparsity = 96.29% , sparse_accuracy = 98.7, training_time = 63s
Epoch 88: A_NQ = 98.17, H_NQ = 981854, A_Q = 98.5, H_Q = 22972, zstd_ratio = 1.67%, sparse_ratio = 1.23%, sparsity = 96.30% , sparse_accuracy = 98.51, training_time = 64s
Epoch 89: A_NQ = 98.87, H_NQ = 981854, A_Q = 98.85, H_Q = 22144, zstd_ratio = 1.65%, sparse_ratio = 1.19%, sparsity = 96.49% , sparse_accuracy = 98.86, training_time = 64s
Epoch 90: A_NQ = 98.89, H_NQ = 981445, A_Q = 98.78, H_Q = 23016, zstd_ratio = 1.67%, sparse_ratio = 1.23%, sparsity = 96.29% , sparse_accuracy = 98.79, training_time = 64s
Epoch 91: A_NQ = 98.99, H_NQ = 981874, A_Q = 98.86, H_Q = 21966, zstd_ratio = 1.63%, sparse_ratio = 1.18%, sparsity = 96.53% , sparse_accuracy = 98.87, training_time = 64s
Epoch 92: A_NQ = 98.69, H_NQ = 981886, A_Q = 98.72, H_Q = 21576, zstd_ratio = 1.61%, sparse_ratio = 1.17%, sparsity = 96.61% , sparse_accuracy = 98.72, training_time = 64s
Epoch 93: A_NQ = 98.8, H_NQ = 981894, A_Q = 98.93, H_Q = 22114, zstd_ratio = 1.63%, sparse_ratio = 1.20%, sparsity = 96.49% , sparse_accuracy = 98.92, training_time = 63s
Epoch 94: A_NQ = 98.68, H_NQ = 981874, A_Q = 98.64, H_Q = 22679, zstd_ratio = 1.64%, sparse_ratio = 1.21%, sparsity = 96.36% , sparse_accuracy = 98.63, training_time = 64s
Epoch 95: A_NQ = 98.87, H_NQ = 981698, A_Q = 98.87, H_Q = 22357, zstd_ratio = 1.65%, sparse_ratio = 1.20%, sparsity = 96.44% , sparse_accuracy = 98.88, training_time = 64s
Epoch 96: A_NQ = 98.95, H_NQ = 981662, A_Q = 98.8, H_Q = 22038, zstd_ratio = 1.64%, sparse_ratio = 1.20%, sparsity = 96.50% , sparse_accuracy = 98.82, training_time = 64s
Epoch 97: A_NQ = 98.81, H_NQ = 981892, A_Q = 98.88, H_Q = 22886, zstd_ratio = 1.66%, sparse_ratio = 1.22%, sparsity = 96.31% , sparse_accuracy = 98.88, training_time = 63s
Epoch 98: A_NQ = 98.51, H_NQ = 981864, A_Q = 98.63, H_Q = 22677, zstd_ratio = 1.64%, sparse_ratio = 1.22%, sparsity = 96.36% , sparse_accuracy = 98.63, training_time = 68s
Epoch 99: A_NQ = 98.52, H_NQ = 981791, A_Q = 98.75, H_Q = 22917, zstd_ratio = 1.66%, sparse_ratio = 1.22%, sparsity = 96.29% , sparse_accuracy = 98.74, training_time = 69s
Epoch 100: A_NQ = 98.43, H_NQ = 981846, A_Q = 98.86, H_Q = 22591, zstd_ratio = 1.66%, sparse_ratio = 1.21%, sparsity = 96.39% , sparse_accuracy = 98.87, training_time = 68s
------------------------------------------------------------
