nohup: ignoring input
=================================================================
==================== PARAMETER CONFIGURATION ====================
=================================================================
model=LeNet-5 enhanced
criterion=CrossEntropy
C=64
lr=0.0007
lambda_reg=0.0015
alpha=0.533
[T1=lambda_reg*alpha=0.0008]
[T2=lambda_reg*(1-alpha)=0.0007]
subgradient_step=100000.0
w0=-0.017
r=1.1
bucket_zero=32
BestQuantization_target_acc=98.6
final_target_acc=99
target_zstd_ratio=0.0297
min_xi=0
max_xi=1
upper_c=1663370
lower_c=0.01
c1=10
c2=1000
first_best_indices=20
accuracy_tollerance=0.2
zeta=50000
l=0.5
n_epochs=100
max_iterations=15
train_optimizer=ADAM
entropy_optimizer=FISTA
pruning=Y
QuantizationType=center
sparsity_threshold=0.001
----------------------------------------------------delta = 10.405
Epoch 1: A_NQ = 10.9, H_NQ = 34340324, A_Q = 11.93, H_Q = 8751289, zstd_ratio = 20.69%, sparse_ratio = 19.59%, sparsity = 23.57% , sparse_accuracy = 11.93, training_time = 28590s
Entropy is not decreasing enough! (E1.1), delta: 10.405
------------------------------------------------------------
delta = 10.415
Epoch 1: A_NQ = 9.11, H_NQ = 34338938, A_Q = 9.58, H_Q = 8789732, zstd_ratio = 20.73%, sparse_ratio = 19.66%, sparsity = 23.15% , sparse_accuracy = 9.57, training_time = 28950s
Entropy is not decreasing enough! (E1.1), delta: 10.415
------------------------------------------------------------
delta = 10.52
Epoch 1: A_NQ = 11.43, H_NQ = 34340402, A_Q = 11.84, H_Q = 8733096, zstd_ratio = 20.63%, sparse_ratio = 19.55%, sparsity = 23.77% , sparse_accuracy = 11.84, training_time = 28955s
Entropy is not decreasing enough! (E1.1), delta: 10.52
------------------------------------------------------------
delta = 10.545
Epoch 1: A_NQ = 10.42, H_NQ = 34336824, A_Q = 10.71, H_Q = 8585837, zstd_ratio = 20.35%, sparse_ratio = 19.20%, sparsity = 25.64% , sparse_accuracy = 10.7, training_time = 29009s
Entropy is not decreasing enough! (E1.1), delta: 10.545
------------------------------------------------------------
delta = 10.41
Epoch 1: A_NQ = 9.63, H_NQ = 34340726, A_Q = 9.73, H_Q = 8791500, zstd_ratio = 20.78%, sparse_ratio = 19.70%, sparsity = 23.04% , sparse_accuracy = 9.73, training_time = 29072s
Entropy is not decreasing enough! (E1.1), delta: 10.41
------------------------------------------------------------
delta = 10.465
Epoch 1: A_NQ = 10.29, H_NQ = 34338551, A_Q = 10.42, H_Q = 8682756, zstd_ratio = 20.54%, sparse_ratio = 19.43%, sparsity = 24.34% , sparse_accuracy = 10.42, training_time = 29302s
Entropy is not decreasing enough! (E1.1), delta: 10.465
------------------------------------------------------------
delta = 10.47
Epoch 1: A_NQ = 11.57, H_NQ = 34342780, A_Q = 11.79, H_Q = 8767575, zstd_ratio = 20.74%, sparse_ratio = 19.65%, sparsity = 23.17% , sparse_accuracy = 11.78, training_time = 29329s
Entropy is not decreasing enough! (E1.1), delta: 10.47
------------------------------------------------------------
delta = 10.425
Epoch 1: A_NQ = 10.11, H_NQ = 34341300, A_Q = 10.12, H_Q = 8760626, zstd_ratio = 20.71%, sparse_ratio = 19.60%, sparsity = 23.52% , sparse_accuracy = 10.12, training_time = 29393s
Entropy is not decreasing enough! (E1.1), delta: 10.425
------------------------------------------------------------
delta = 10.445
Epoch 1: A_NQ = 11.82, H_NQ = 34339431, A_Q = 11.97, H_Q = 8453581, zstd_ratio = 20.10%, sparse_ratio = 18.92%, sparsity = 27.03% , sparse_accuracy = 11.94, training_time = 29408s
Entropy is not decreasing enough! (E1.1), delta: 10.445
------------------------------------------------------------
delta = 10.525
Epoch 1: A_NQ = 8.92, H_NQ = 34339342, A_Q = 8.98, H_Q = 8512912, zstd_ratio = 20.19%, sparse_ratio = 19.02%, sparsity = 26.41% , sparse_accuracy = 8.98, training_time = 29497s
Entropy is not decreasing enough! (E1.1), delta: 10.525
------------------------------------------------------------
delta = 10.505
Epoch 1: A_NQ = 11.82, H_NQ = 34341350, A_Q = 12.62, H_Q = 8646463, zstd_ratio = 20.49%, sparse_ratio = 19.35%, sparsity = 24.78% , sparse_accuracy = 12.58, training_time = 29540s
Entropy is not decreasing enough! (E1.1), delta: 10.505
------------------------------------------------------------
delta = 10.5
Epoch 1: A_NQ = 9.59, H_NQ = 34339948, A_Q = 9.63, H_Q = 8533598, zstd_ratio = 20.27%, sparse_ratio = 19.10%, sparsity = 26.06% , sparse_accuracy = 9.63, training_time = 29543s
Entropy is not decreasing enough! (E1.1), delta: 10.5
------------------------------------------------------------
delta = 10.475
Epoch 1: A_NQ = 10.31, H_NQ = 34338880, A_Q = 10.42, H_Q = 8578093, zstd_ratio = 20.34%, sparse_ratio = 19.19%, sparsity = 25.64% , sparse_accuracy = 10.42, training_time = 29550s
Entropy is not decreasing enough! (E1.1), delta: 10.475
------------------------------------------------------------
delta = 10.51
Epoch 1: A_NQ = 9.98, H_NQ = 34341194, A_Q = 10.32, H_Q = 8665046, zstd_ratio = 20.51%, sparse_ratio = 19.39%, sparsity = 24.50% , sparse_accuracy = 10.32, training_time = 29565s
Entropy is not decreasing enough! (E1.1), delta: 10.51
------------------------------------------------------------
delta = 10.495
Epoch 1: A_NQ = 9.1, H_NQ = 34341360, A_Q = 9.45, H_Q = 8756192, zstd_ratio = 20.69%, sparse_ratio = 19.61%, sparsity = 23.48% , sparse_accuracy = 9.44, training_time = 29625s
Entropy is not decreasing enough! (E1.1), delta: 10.495
------------------------------------------------------------
delta = 10.53
Epoch 1: A_NQ = 11.36, H_NQ = 34339453, A_Q = 11.45, H_Q = 8441465, zstd_ratio = 20.04%, sparse_ratio = 18.85%, sparsity = 27.14% , sparse_accuracy = 11.45, training_time = 29659s
Entropy is not decreasing enough! (E1.1), delta: 10.53
------------------------------------------------------------
delta = 10.4
Epoch 1: A_NQ = 9.0, H_NQ = 34339497, A_Q = 9.1, H_Q = 8591955, zstd_ratio = 20.36%, sparse_ratio = 19.21%, sparsity = 25.40% , sparse_accuracy = 9.1, training_time = 29692s
Entropy is not decreasing enough! (E1.1), delta: 10.4
------------------------------------------------------------
delta = 10.455
Epoch 1: A_NQ = 10.34, H_NQ = 34340086, A_Q = 10.51, H_Q = 8639463, zstd_ratio = 20.47%, sparse_ratio = 19.35%, sparsity = 24.85% , sparse_accuracy = 10.5, training_time = 29704s
Entropy is not decreasing enough! (E1.1), delta: 10.455
------------------------------------------------------------
delta = 10.44
Epoch 1: A_NQ = 10.26, H_NQ = 34339656, A_Q = 10.69, H_Q = 8598729, zstd_ratio = 20.38%, sparse_ratio = 19.24%, sparsity = 25.31% , sparse_accuracy = 10.69, training_time = 29744s
Entropy is not decreasing enough! (E1.1), delta: 10.44
------------------------------------------------------------
delta = 10.46
Epoch 1: A_NQ = 10.27, H_NQ = 34341453, A_Q = 10.47, H_Q = 8919203, zstd_ratio = 21.04%, sparse_ratio = 20.00%, sparsity = 21.40% , sparse_accuracy = 10.47, training_time = 29784s
Entropy is not decreasing enough! (E1.1), delta: 10.46
------------------------------------------------------------
delta = 10.55
Epoch 1: A_NQ = 11.37, H_NQ = 34335464, A_Q = 11.38, H_Q = 8483411, zstd_ratio = 20.12%, sparse_ratio = 18.94%, sparsity = 26.79% , sparse_accuracy = 11.38, training_time = 29897s
Entropy is not decreasing enough! (E1.1), delta: 10.55
------------------------------------------------------------
delta = 10.45
Epoch 1: A_NQ = 10.59, H_NQ = 34339085, A_Q = 10.39, H_Q = 8609972, zstd_ratio = 20.40%, sparse_ratio = 19.25%, sparsity = 25.27% , sparse_accuracy = 10.38, training_time = 29926s
Entropy is not decreasing enough! (E1.1), delta: 10.45
------------------------------------------------------------
delta = 10.535
Epoch 1: A_NQ = 9.81, H_NQ = 34341800, A_Q = 9.82, H_Q = 8603566, zstd_ratio = 20.41%, sparse_ratio = 19.28%, sparsity = 25.12% , sparse_accuracy = 9.83, training_time = 29956s
Entropy is not decreasing enough! (E1.1), delta: 10.535
------------------------------------------------------------
delta = 10.515
Epoch 1: A_NQ = 10.11, H_NQ = 34341246, A_Q = 10.19, H_Q = 8844738, zstd_ratio = 20.87%, sparse_ratio = 19.81%, sparsity = 22.38% , sparse_accuracy = 10.2, training_time = 29987s
Entropy is not decreasing enough! (E1.1), delta: 10.515
------------------------------------------------------------
delta = 10.43
Epoch 1: A_NQ = 9.9, H_NQ = 34340491, A_Q = 10.16, H_Q = 8690811, zstd_ratio = 20.57%, sparse_ratio = 19.45%, sparsity = 24.24% , sparse_accuracy = 10.16, training_time = 30010s
Entropy is not decreasing enough! (E1.1), delta: 10.43
------------------------------------------------------------
delta = 10.435
Epoch 1: A_NQ = 11.43, H_NQ = 34334560, A_Q = 12.75, H_Q = 8391420, zstd_ratio = 19.97%, sparse_ratio = 18.75%, sparsity = 27.76% , sparse_accuracy = 12.75, training_time = 30035s
Entropy is not decreasing enough! (E1.1), delta: 10.435
------------------------------------------------------------
delta = 10.42
Epoch 1: A_NQ = 10.75, H_NQ = 34341914, A_Q = 13.53, H_Q = 8857135, zstd_ratio = 20.89%, sparse_ratio = 19.85%, sparsity = 22.09% , sparse_accuracy = 13.52, training_time = 30043s
Entropy is not decreasing enough! (E1.1), delta: 10.42
------------------------------------------------------------
delta = 10.555
Epoch 1: A_NQ = 10.18, H_NQ = 34337313, A_Q = 10.89, H_Q = 8753480, zstd_ratio = 20.64%, sparse_ratio = 19.55%, sparsity = 23.66% , sparse_accuracy = 10.87, training_time = 30049s
Entropy is not decreasing enough! (E1.1), delta: 10.555
------------------------------------------------------------
delta = 10.48
Epoch 1: A_NQ = 9.75, H_NQ = 34341271, A_Q = 9.79, H_Q = 8457485, zstd_ratio = 20.09%, sparse_ratio = 18.92%, sparsity = 26.93% , sparse_accuracy = 9.79, training_time = 30139s
Entropy is not decreasing enough! (E1.1), delta: 10.48
------------------------------------------------------------
delta = 10.485
Epoch 1: A_NQ = 10.14, H_NQ = 34342255, A_Q = 10.25, H_Q = 8881308, zstd_ratio = 20.96%, sparse_ratio = 19.91%, sparsity = 21.84% , sparse_accuracy = 10.25, training_time = 30168s
Entropy is not decreasing enough! (E1.1), delta: 10.485
------------------------------------------------------------
delta = 10.49
Epoch 1: A_NQ = 10.48, H_NQ = 34341683, A_Q = 10.71, H_Q = 8587951, zstd_ratio = 20.38%, sparse_ratio = 19.22%, sparsity = 25.43% , sparse_accuracy = 10.69, training_time = 30251s
Entropy is not decreasing enough! (E1.1), delta: 10.49
------------------------------------------------------------
delta = 10.54
Epoch 1: A_NQ = 9.07, H_NQ = 34339009, A_Q = 9.08, H_Q = 8788481, zstd_ratio = 20.75%, sparse_ratio = 19.69%, sparsity = 23.18% , sparse_accuracy = 9.08, training_time = 30272s
Entropy is not decreasing enough! (E1.1), delta: 10.54
------------------------------------------------------------
